<?xml version="1.0" encoding="UTF-8"?>
<!-- Generated by org.testng.reporters.JUnitReportReporter -->
<testsuite hostname="LAPTOP-VJRR9OUI" failures="0" tests="1" name="com.mytests.Excelcheck" time="15.400" errors="0" timestamp="09 Aug 2020 08:11:34 GMT" skipped="0">
  <testcase classname="com.mytests.Excelcheck" name="checkHelp" time="15.400"/>
</testsuite> <!-- com.mytests.Excelcheck -->
