<?xml version="1.0" encoding="UTF-8"?>
<!-- Generated by org.testng.reporters.JUnitReportReporter -->
<testsuite hostname="LAPTOP-VJRR9OUI" failures="0" tests="1" name="com.mytests.potitherikum" time="8.330" errors="0" timestamp="06 Aug 2020 13:53:02 GMT" skipped="0">
  <testcase classname="com.mytests.potitherikum" name="checkHelp" time="8.330"/>
</testsuite> <!-- com.mytests.potitherikum -->
