<?xml version="1.0" encoding="UTF-8"?>
<!-- Generated by org.testng.reporters.JUnitReportReporter -->
<testsuite hostname="LAPTOP-VJRR9OUI" failures="0" tests="1" name="com.mytests.Notepadnew" time="0.627" errors="0" timestamp="06 Aug 2020 13:34:29 GMT" skipped="0">
  <testcase classname="com.mytests.Notepadnew" name="checkHelp" time="0.627"/>
</testsuite> <!-- com.mytests.Notepadnew -->
